

Microchip MPLAB XC8 Assembler V2.41 build 20230208172133 
                                                                                               Thu Sep 28 14:53:18 2023

Microchip MPLAB XC8 C Compiler v2.41 (Free license) build 20230208172133 Og1 
     1                           	processor	18F45K20
     2                           	fnconf	rparam,??,?,0
     3                           	pagewidth 120
     4                           	opt	flic
     5                           	psect	cinit,global,reloc=2,class=CODE,delta=1
     6                           	psect	cstackCOMRAM,global,class=COMRAM,space=1,delta=1,lowdata,noexec
     7                           	psect	text0,global,reloc=2,class=CODE,delta=1
     8                           	psect	text1,global,reloc=2,class=CODE,delta=1
     9                           	psect	text2,global,reloc=2,class=CODE,delta=1
    10                           	psect	text3,global,reloc=2,class=CODE,delta=1
    11                           	psect	intsave_regs,global,class=BIGRAM,space=1,delta=1,noexec
    12                           	psect	rparam,global,class=COMRAM,space=1,delta=1,noexec
    13                           	psect	idloc,global,abs,ovrld,class=IDLOC,space=5,delta=1,noexec
    14                           	psect	config,global,abs,ovrld,class=CONFIG,space=4,delta=1,noexec
    15   000000                     
    16                           ; Version 2.20
    17                           ; Generated 12/02/2020 GMT
    18                           ; 
    19                           ; Copyright © 2020, Microchip Technology Inc. and its subsidiaries ("Microchip")
    20                           ; All rights reserved.
    21                           ; 
    22                           ; This software is developed by Microchip Technology Inc. and its subsidiaries ("Microch
      +                          ip").
    23                           ; 
    24                           ; Redistribution and use in source and binary forms, with or without modification, are
    25                           ; permitted provided that the following conditions are met:
    26                           ; 
    27                           ;     1. Redistributions of source code must retain the above copyright notice, this lis
      +                          t of
    28                           ;        conditions and the following disclaimer.
    29                           ; 
    30                           ;     2. Redistributions in binary form must reproduce the above copyright notice, this 
      +                          list
    31                           ;        of conditions and the following disclaimer in the documentation and/or other
    32                           ;        materials provided with the distribution.
    33                           ; 
    34                           ;     3. Microchip's name may not be used to endorse or promote products derived from th
      +                          is
    35                           ;        software without specific prior written permission.
    36                           ; 
    37                           ; THIS SOFTWARE IS PROVIDED BY MICROCHIP "AS IS" AND ANY EXPRESS OR IMPLIED WARRANTIES,
    38                           ; INCLUDING, BUT NOT LIMITED TO, THE IMPLIED WARRANTIES OF MERCHANTABILITY AND FITNESS F
      +                          OR
    39                           ; PURPOSE ARE DISCLAIMED.  IN NO EVENT SHALL MICROCHIP BE LIABLE FOR ANY DIRECT, INDIREC
      +                          T,
    40                           ; INCIDENTAL, SPECIAL, EXEMPLARY, OR CONSEQUENTIAL DAMAGES (INCLUDING BUT NOT LIMITED TO
    41                           ; PROCUREMENT OF SUBSTITUTE GOODS OR SERVICES; LOSS OF USE, DATA OR PROFITS; OR BUSINESS
    42                           ; INTERRUPTION) HOWSOEVER CAUSED AND ON ANY THEORY OF LIABILITY, WHETHER IN CONTRACT, ST
      +                          RICT
    43                           ; LIABILITY, OR TORT (INCLUDING NEGLIGENCE OR OTHERWISE) ARISING IN ANY WAY OUT OF THE U
      +                          SE OF
    44                           ; THIS SOFTWARE, EVEN IF ADVISED OF THE POSSIBILITY OF SUCH DAMAGE.
    45                           ; 
    46                           ; 
    47                           ; Code-generator required, PIC18F45K20 Definitions
    48                           ; 
    49                           ; SFR Addresses
    50   000000                     _LATDbits	set	3980
    51   000000                     _TRISDbits	set	3989
    52   000000                     _OSCCON	set	4051
    53                           
    54                           ; #config settings
    55                           
    56                           	psect	cinit
    57   007FC6                     __pcinit:
    58                           	callstack 0
    59   007FC6                     start_initialization:
    60                           	callstack 0
    61   007FC6                     __initialization:
    62                           	callstack 0
    63   007FC6                     end_of_initialization:
    64                           	callstack 0
    65   007FC6                     __end_of__initialization:
    66                           	callstack 0
    67   007FC6  0100               	movlb	0
    68   007FC8  EFEA  F03F         	goto	_main	;jump to C main() function
    69                           
    70                           	psect	cstackCOMRAM
    71   000001                     __pcstackCOMRAM:
    72                           	callstack 0
    73   000001                     ??_main:
    74                           
    75                           ; 1 bytes @ 0x0
    76   000001                     	ds	2
    77                           
    78 ;;
    79 ;;Main: autosize = 0, tempsize = 2, incstack = 0, save=0
    80 ;;
    81 ;; *************** function _main *****************
    82 ;; Defined at:
    83 ;;		line 12 in file "blinker.c"
    84 ;; Parameters:    Size  Location     Type
    85 ;;		None
    86 ;; Auto vars:     Size  Location     Type
    87 ;;		None
    88 ;; Return value:  Size  Location     Type
    89 ;;                  1    wreg      void 
    90 ;; Registers used:
    91 ;;		wreg, status,2, status,0, cstack
    92 ;; Tracked objects:
    93 ;;		On entry : 0/0
    94 ;;		On exit  : 0/0
    95 ;;		Unchanged: 0/0
    96 ;; Data sizes:     COMRAM   BANK0   BANK1   BANK2   BANK3   BANK4   BANK5
    97 ;;      Params:         0       0       0       0       0       0       0
    98 ;;      Locals:         0       0       0       0       0       0       0
    99 ;;      Temps:          2       0       0       0       0       0       0
   100 ;;      Totals:         2       0       0       0       0       0       0
   101 ;;Total ram usage:        2 bytes
   102 ;; Hardware stack levels required when called: 1
   103 ;; This function calls:
   104 ;;		_Setup_interrup
   105 ;;		_Setup_osc
   106 ;;		_Setup_port
   107 ;; This function is called by:
   108 ;;		Startup code after reset
   109 ;; This function uses a non-reentrant model
   110 ;;
   111                           
   112                           	psect	text0
   113   007FD4                     __ptext0:
   114                           	callstack 0
   115   007FD4                     _main:
   116                           	callstack 30
   117   007FD4                     
   118                           ;blinker.c: 13:    Setup_osc ();
   119   007FD4  ECE0  F03F         	call	_Setup_osc	;wreg free
   120   007FD8                     
   121                           ;blinker.c: 14:    Setup_port ();
   122   007FD8  ECE6  F03F         	call	_Setup_port	;wreg free
   123   007FDC                     
   124                           ;blinker.c: 15:    Setup_interrup ();
   125   007FDC  ECDF  F03F         	call	_Setup_interrup	;wreg free
   126   007FE0                     l722:
   127                           
   128                           ;blinker.c: 17:    {;blinker.c: 18:        LATDbits.LD7^=1;
   129   007FE0  7E8C               	btg	140,7,c	;volatile
   130   007FE2                     
   131                           ;blinker.c: 19:        _delay((unsigned long)((500)*(16000000/4000.0)));
   132   007FE2  0E0B               	movlw	11
   133   007FE4  6E02               	movwf	(??_main+1)^0,c
   134   007FE6  0E26               	movlw	38
   135   007FE8  6E01               	movwf	??_main^0,c
   136   007FEA  0E5E               	movlw	94
   137   007FEC                     u17:
   138   007FEC  2EE8               	decfsz	wreg,f,c
   139   007FEE  D7FE               	bra	u17
   140   007FF0  2E01               	decfsz	??_main^0,f,c
   141   007FF2  D7FC               	bra	u17
   142   007FF4  2E02               	decfsz	(??_main+1)^0,f,c
   143   007FF6  D7FA               	bra	u17
   144                           
   145                           ;blinker.c: 21:    }
   146   007FF8  EFF0  F03F         	goto	l722
   147   007FFC  EF00  F000         	goto	start
   148   008000                     __end_of_main:
   149                           	callstack 0
   150                           
   151 ;; *************** function _Setup_port *****************
   152 ;; Defined at:
   153 ;;		line 21 in file "setup.c"
   154 ;; Parameters:    Size  Location     Type
   155 ;;		None
   156 ;; Auto vars:     Size  Location     Type
   157 ;;		None
   158 ;; Return value:  Size  Location     Type
   159 ;;                  1    wreg      void 
   160 ;; Registers used:
   161 ;;		None
   162 ;; Tracked objects:
   163 ;;		On entry : 0/0
   164 ;;		On exit  : 0/0
   165 ;;		Unchanged: 0/0
   166 ;; Data sizes:     COMRAM   BANK0   BANK1   BANK2   BANK3   BANK4   BANK5
   167 ;;      Params:         0       0       0       0       0       0       0
   168 ;;      Locals:         0       0       0       0       0       0       0
   169 ;;      Temps:          0       0       0       0       0       0       0
   170 ;;      Totals:         0       0       0       0       0       0       0
   171 ;;Total ram usage:        0 bytes
   172 ;; Hardware stack levels used: 1
   173 ;; This function calls:
   174 ;;		Nothing
   175 ;; This function is called by:
   176 ;;		_main
   177 ;; This function uses a non-reentrant model
   178 ;;
   179                           
   180                           	psect	text1
   181   007FCC                     __ptext1:
   182                           	callstack 0
   183   007FCC                     _Setup_port:
   184                           	callstack 30
   185   007FCC                     
   186                           ;setup.c: 23:     LATDbits.LD7 =0;
   187   007FCC  9E8C               	bcf	140,7,c	;volatile
   188                           
   189                           ;setup.c: 25:     TRISDbits.TRISD7=0;
   190   007FCE  9E95               	bcf	149,7,c	;volatile
   191                           
   192                           ;setup.c: 26:     LATDbits.LD7=0;
   193   007FD0  9E8C               	bcf	140,7,c	;volatile
   194   007FD2  0012               	return		;funcret
   195   007FD4                     __end_of_Setup_port:
   196                           	callstack 0
   197                           
   198 ;; *************** function _Setup_osc *****************
   199 ;; Defined at:
   200 ;;		line 12 in file "setup.c"
   201 ;; Parameters:    Size  Location     Type
   202 ;;		None
   203 ;; Auto vars:     Size  Location     Type
   204 ;;		None
   205 ;; Return value:  Size  Location     Type
   206 ;;                  1    wreg      void 
   207 ;; Registers used:
   208 ;;		wreg, status,2
   209 ;; Tracked objects:
   210 ;;		On entry : 0/0
   211 ;;		On exit  : 0/0
   212 ;;		Unchanged: 0/0
   213 ;; Data sizes:     COMRAM   BANK0   BANK1   BANK2   BANK3   BANK4   BANK5
   214 ;;      Params:         0       0       0       0       0       0       0
   215 ;;      Locals:         0       0       0       0       0       0       0
   216 ;;      Temps:          0       0       0       0       0       0       0
   217 ;;      Totals:         0       0       0       0       0       0       0
   218 ;;Total ram usage:        0 bytes
   219 ;; Hardware stack levels used: 1
   220 ;; This function calls:
   221 ;;		Nothing
   222 ;; This function is called by:
   223 ;;		_main
   224 ;; This function uses a non-reentrant model
   225 ;;
   226                           
   227                           	psect	text2
   228   007FC0                     __ptext2:
   229                           	callstack 0
   230   007FC0                     _Setup_osc:
   231                           	callstack 30
   232   007FC0                     
   233                           ;setup.c: 14:     OSCCON=0b01110010;
   234   007FC0  0E72               	movlw	114
   235   007FC2  6ED3               	movwf	211,c	;volatile
   236   007FC4  0012               	return		;funcret
   237   007FC6                     __end_of_Setup_osc:
   238                           	callstack 0
   239                           
   240 ;; *************** function _Setup_interrup *****************
   241 ;; Defined at:
   242 ;;		line 17 in file "setup.c"
   243 ;; Parameters:    Size  Location     Type
   244 ;;		None
   245 ;; Auto vars:     Size  Location     Type
   246 ;;		None
   247 ;; Return value:  Size  Location     Type
   248 ;;                  1    wreg      void 
   249 ;; Registers used:
   250 ;;		None
   251 ;; Tracked objects:
   252 ;;		On entry : 0/0
   253 ;;		On exit  : 0/0
   254 ;;		Unchanged: 0/0
   255 ;; Data sizes:     COMRAM   BANK0   BANK1   BANK2   BANK3   BANK4   BANK5
   256 ;;      Params:         0       0       0       0       0       0       0
   257 ;;      Locals:         0       0       0       0       0       0       0
   258 ;;      Temps:          0       0       0       0       0       0       0
   259 ;;      Totals:         0       0       0       0       0       0       0
   260 ;;Total ram usage:        0 bytes
   261 ;; Hardware stack levels used: 1
   262 ;; This function calls:
   263 ;;		Nothing
   264 ;; This function is called by:
   265 ;;		_main
   266 ;; This function uses a non-reentrant model
   267 ;;
   268                           
   269                           	psect	text3
   270   007FBE                     __ptext3:
   271                           	callstack 0
   272   007FBE                     _Setup_interrup:
   273                           	callstack 30
   274   007FBE  0012               	return		;funcret
   275   007FC0                     __end_of_Setup_interrup:
   276                           	callstack 0
   277   000000                     
   278                           	psect	rparam
   279   000000                     
   280                           	psect	idloc
   281                           
   282                           ;Config register IDLOC0 @ 0x200000
   283                           ;	unspecified, using default values
   284   200000                     	org	2097152
   285   200000  FF                 	db	255
   286                           
   287                           ;Config register IDLOC1 @ 0x200001
   288                           ;	unspecified, using default values
   289   200001                     	org	2097153
   290   200001  FF                 	db	255
   291                           
   292                           ;Config register IDLOC2 @ 0x200002
   293                           ;	unspecified, using default values
   294   200002                     	org	2097154
   295   200002  FF                 	db	255
   296                           
   297                           ;Config register IDLOC3 @ 0x200003
   298                           ;	unspecified, using default values
   299   200003                     	org	2097155
   300   200003  FF                 	db	255
   301                           
   302                           ;Config register IDLOC4 @ 0x200004
   303                           ;	unspecified, using default values
   304   200004                     	org	2097156
   305   200004  FF                 	db	255
   306                           
   307                           ;Config register IDLOC5 @ 0x200005
   308                           ;	unspecified, using default values
   309   200005                     	org	2097157
   310   200005  FF                 	db	255
   311                           
   312                           ;Config register IDLOC6 @ 0x200006
   313                           ;	unspecified, using default values
   314   200006                     	org	2097158
   315   200006  FF                 	db	255
   316                           
   317                           ;Config register IDLOC7 @ 0x200007
   318                           ;	unspecified, using default values
   319   200007                     	org	2097159
   320   200007  FF                 	db	255
   321                           
   322                           	psect	config
   323                           
   324                           ; Padding undefined space
   325   300000                     	org	3145728
   326   300000  FF                 	db	255
   327                           
   328                           ;Config register CONFIG1H @ 0x300001
   329                           ;	Oscillator Selection bits
   330                           ;	FOSC = INTIO7, Internal oscillator block, CLKOUT function on RA6, port function on RA7
   331                           ;	Fail-Safe Clock Monitor Enable bit
   332                           ;	FCMEN = OFF, Fail-Safe Clock Monitor disabled
   333                           ;	Internal/External Oscillator Switchover bit
   334                           ;	IESO = OFF, Oscillator Switchover mode disabled
   335   300001                     	org	3145729
   336   300001  09                 	db	9
   337                           
   338                           ;Config register CONFIG2L @ 0x300002
   339                           ;	Power-up Timer Enable bit
   340                           ;	PWRT = ON, PWRT enabled
   341                           ;	Brown-out Reset Enable bits
   342                           ;	BOREN = ON, Brown-out Reset enabled and controlled by software (SBOREN is enabled)
   343                           ;	Brown Out Reset Voltage bits
   344                           ;	BORV = 18, VBOR set to 1.8 V nominal
   345   300002                     	org	3145730
   346   300002  1A                 	db	26
   347                           
   348                           ;Config register CONFIG2H @ 0x300003
   349                           ;	Watchdog Timer Enable bit
   350                           ;	WDTEN = OFF, WDT is controlled by SWDTEN bit of the WDTCON register
   351                           ;	Watchdog Timer Postscale Select bits
   352                           ;	WDTPS = 32768, 1:32768
   353   300003                     	org	3145731
   354   300003  1E                 	db	30
   355                           
   356                           ; Padding undefined space
   357   300004                     	org	3145732
   358   300004  FF                 	db	255
   359                           
   360                           ;Config register CONFIG3H @ 0x300005
   361                           ;	CCP2 MUX bit
   362                           ;	CCP2MX = PORTC, CCP2 input/output is multiplexed with RC1
   363                           ;	PORTB A/D Enable bit
   364                           ;	PBADEN = OFF, PORTB<4:0> pins are configured as digital I/O on Reset
   365                           ;	Low-Power Timer1 Oscillator Enable bit
   366                           ;	LPT1OSC = OFF, Timer1 configured for higher power operation
   367                           ;	HFINTOSC Fast Start-up
   368                           ;	HFOFST = ON, HFINTOSC starts clocking the CPU without waiting for the oscillator to st
      +                          ablize.
   369                           ;	MCLR Pin Enable bit
   370                           ;	MCLRE = ON, MCLR pin enabled; RE3 input pin disabled
   371   300005                     	org	3145733
   372   300005  89                 	db	137
   373                           
   374                           ;Config register CONFIG4L @ 0x300006
   375                           ;	Stack Full/Underflow Reset Enable bit
   376                           ;	STVREN = ON, Stack full/underflow will cause Reset
   377                           ;	Single-Supply ICSP Enable bit
   378                           ;	LVP = ON, Single-Supply ICSP enabled
   379                           ;	Extended Instruction Set Enable bit
   380                           ;	XINST = OFF, Instruction set extension and Indexed Addressing mode disabled (Legacy mo
      +                          de)
   381                           ;	Background Debugger Enable bit
   382                           ;	DEBUG = 0x1, unprogrammed default
   383   300006                     	org	3145734
   384   300006  85                 	db	133
   385                           
   386                           ; Padding undefined space
   387   300007                     	org	3145735
   388   300007  FF                 	db	255
   389                           
   390                           ;Config register CONFIG5L @ 0x300008
   391                           ;	Code Protection Block 0
   392                           ;	CP0 = OFF, Block 0 (000800-001FFFh) not code-protected
   393                           ;	Code Protection Block 1
   394                           ;	CP1 = OFF, Block 1 (002000-003FFFh) not code-protected
   395                           ;	Code Protection Block 2
   396                           ;	CP2 = OFF, Block 2 (004000-005FFFh) not code-protected
   397                           ;	Code Protection Block 3
   398                           ;	CP3 = OFF, Block 3 (006000-007FFFh) not code-protected
   399   300008                     	org	3145736
   400   300008  0F                 	db	15
   401                           
   402                           ;Config register CONFIG5H @ 0x300009
   403                           ;	Boot Block Code Protection bit
   404                           ;	CPB = OFF, Boot block (000000-0007FFh) not code-protected
   405                           ;	Data EEPROM Code Protection bit
   406                           ;	CPD = OFF, Data EEPROM not code-protected
   407   300009                     	org	3145737
   408   300009  C0                 	db	192
   409                           
   410                           ;Config register CONFIG6L @ 0x30000A
   411                           ;	Write Protection Block 0
   412                           ;	WRT0 = OFF, Block 0 (000800-001FFFh) not write-protected
   413                           ;	Write Protection Block 1
   414                           ;	WRT1 = OFF, Block 1 (002000-003FFFh) not write-protected
   415                           ;	Write Protection Block 2
   416                           ;	WRT2 = OFF, Block 2 (004000-005FFFh) not write-protected
   417                           ;	Write Protection Block 3
   418                           ;	WRT3 = OFF, Block 3 (006000-007FFFh) not write-protected
   419   30000A                     	org	3145738
   420   30000A  0F                 	db	15
   421                           
   422                           ;Config register CONFIG6H @ 0x30000B
   423                           ;	Configuration Register Write Protection bit
   424                           ;	WRTC = OFF, Configuration registers (300000-3000FFh) not write-protected
   425                           ;	Boot Block Write Protection bit
   426                           ;	WRTB = OFF, Boot Block (000000-0007FFh) not write-protected
   427                           ;	Data EEPROM Write Protection bit
   428                           ;	WRTD = OFF, Data EEPROM not write-protected
   429   30000B                     	org	3145739
   430   30000B  E0                 	db	224
   431                           
   432                           ;Config register CONFIG7L @ 0x30000C
   433                           ;	Table Read Protection Block 0
   434                           ;	EBTR0 = OFF, Block 0 (000800-001FFFh) not protected from table reads executed in other
      +                           blocks
   435                           ;	Table Read Protection Block 1
   436                           ;	EBTR1 = OFF, Block 1 (002000-003FFFh) not protected from table reads executed in other
      +                           blocks
   437                           ;	Table Read Protection Block 2
   438                           ;	EBTR2 = OFF, Block 2 (004000-005FFFh) not protected from table reads executed in other
      +                           blocks
   439                           ;	Table Read Protection Block 3
   440                           ;	EBTR3 = OFF, Block 3 (006000-007FFFh) not protected from table reads executed in other
      +                           blocks
   441   30000C                     	org	3145740
   442   30000C  0F                 	db	15
   443                           
   444                           ;Config register CONFIG7H @ 0x30000D
   445                           ;	Boot Block Table Read Protection bit
   446                           ;	EBTRB = OFF, Boot Block (000000-0007FFh) not protected from table reads executed in ot
      +                          her blocks
   447   30000D                     	org	3145741
   448   30000D  40                 	db	64
   449                           tosu	equ	0xFFF
   450                           tosh	equ	0xFFE
   451                           tosl	equ	0xFFD
   452                           stkptr	equ	0xFFC
   453                           pclatu	equ	0xFFB
   454                           pclath	equ	0xFFA
   455                           pcl	equ	0xFF9
   456                           tblptru	equ	0xFF8
   457                           tblptrh	equ	0xFF7
   458                           tblptrl	equ	0xFF6
   459                           tablat	equ	0xFF5
   460                           prodh	equ	0xFF4
   461                           prodl	equ	0xFF3
   462                           indf0	equ	0xFEF
   463                           postinc0	equ	0xFEE
   464                           postdec0	equ	0xFED
   465                           preinc0	equ	0xFEC
   466                           plusw0	equ	0xFEB
   467                           fsr0h	equ	0xFEA
   468                           fsr0l	equ	0xFE9
   469                           wreg	equ	0xFE8
   470                           indf1	equ	0xFE7
   471                           postinc1	equ	0xFE6
   472                           postdec1	equ	0xFE5
   473                           preinc1	equ	0xFE4
   474                           plusw1	equ	0xFE3
   475                           fsr1h	equ	0xFE2
   476                           fsr1l	equ	0xFE1
   477                           bsr	equ	0xFE0
   478                           indf2	equ	0xFDF
   479                           postinc2	equ	0xFDE
   480                           postdec2	equ	0xFDD
   481                           preinc2	equ	0xFDC
   482                           plusw2	equ	0xFDB
   483                           fsr2h	equ	0xFDA
   484                           fsr2l	equ	0xFD9
   485                           status	equ	0xFD8

Data Sizes:
    Strings     0
    Constant    0
    Data        0
    BSS         0
    Persistent  0
    Stack       0

Auto Spaces:
    Space          Size  Autos    Used
    COMRAM           95      2       2
    BANK0           160      0       0
    BANK1           256      0       0
    BANK2           256      0       0
    BANK3           256      0       0
    BANK4           256      0       0
    BANK5           256      0       0

Pointer List with Targets:

    None.

Critical Paths under _main in COMRAM

    None.

Critical Paths under _main in BANK0

    None.

Critical Paths under _main in BANK1

    None.

Critical Paths under _main in BANK2

    None.

Critical Paths under _main in BANK3

    None.

Critical Paths under _main in BANK4

    None.

Critical Paths under _main in BANK5

    None.

Call Graph Tables:

 ---------------------------------------------------------------------------------
 (Depth) Function   	        Calls       Base Space   Used Autos Params    Refs
 ---------------------------------------------------------------------------------
 (0) _main                                                 2     2      0       0
                                              0 COMRAM     2     2      0
                     _Setup_interrup
                          _Setup_osc
                         _Setup_port
 ---------------------------------------------------------------------------------
 (1) _Setup_port                                           0     0      0       0
 ---------------------------------------------------------------------------------
 (1) _Setup_osc                                            0     0      0       0
 ---------------------------------------------------------------------------------
 (1) _Setup_interrup                                       0     0      0       0
 ---------------------------------------------------------------------------------
 Estimated maximum stack depth 1
 ---------------------------------------------------------------------------------

 Call Graph Graphs:

 _main (ROOT)
   _Setup_interrup
   _Setup_osc
   _Setup_port

 Address spaces:
Name               Size   Autos  Total    Cost      Usage
BITCOMRAM           5F      0       0       0        0.0%
EEDATA             100      0       0       0        0.0%
NULL                 0      0       0       0        0.0%
CODE                 0      0       0       0        0.0%
COMRAM              5F      2       2       1        2.1%
STACK                0      0       0       2        0.0%
DATA                 0      0       0       3        0.0%
BITBANK0            A0      0       0       4        0.0%
BANK0               A0      0       0       5        0.0%
BITBANK1           100      0       0       6        0.0%
BANK1              100      0       0       7        0.0%
BITBANK2           100      0       0       8        0.0%
BANK2              100      0       0       9        0.0%
BITBANK3           100      0       0      10        0.0%
BANK3              100      0       0      11        0.0%
BITBANK4           100      0       0      12        0.0%
BANK4              100      0       0      13        0.0%
BITBANK5           100      0       0      14        0.0%
BANK5              100      0       0      15        0.0%
BITBIGSFRhh         2C      0       0      16        0.0%
BITBIGSFRhlh        3D      0       0      17        0.0%
BITBIGSFRhll         8      0       0      18        0.0%
BITBIGSFRl          2C      0       0      19        0.0%
ABS                  0      0       0      20        0.0%
BIGRAM             5FF      0       0      21        0.0%
BIGSFR               0      0       0     200        0.0%
BITSFR               0      0       0     200        0.0%
SFR                  0      0       0     200        0.0%


Microchip Technology PIC18 Macro Assembler V2.41 build 20230208172133 
Symbol Table                                                                                   Thu Sep 28 14:53:18 2023

                     l32 7FD2                       l26 7FC4                       l29 7FBE  
                     u17 7FEC                      l712 7FCC                      l720 7FDC  
                    l714 7FBE                      l722 7FE0                      l708 7FC0  
                    l724 7FE2                      l716 7FD4                      l718 7FD8  
                    wreg 0FE8                     _main 7FD4                     start 0000  
           ___param_bank 0000                    ?_main 0001          __initialization 7FC6  
           __end_of_main 8000                   ??_main 0001            __activetblptr 0000  
                 _OSCCON 0FD3                   isa$std 0001               _Setup_port 7FCC  
             __accesstop 0060  __end_of__initialization 7FC6            ___rparam_used 0001  
         __pcstackCOMRAM 0001        __end_of_Setup_osc 7FC6              ?_Setup_port 0001  
                __Hparam 0000                  __Lparam 0000                  __pcinit 7FC6  
                __ramtop 0600                  __ptext0 7FD4                  __ptext1 7FCC  
                __ptext2 7FC0                  __ptext3 7FBE     end_of_initialization 7FC6  
              _TRISDbits 0F95           _Setup_interrup 7FBE      start_initialization 7FC6  
 __end_of_Setup_interrup 7FC0                _Setup_osc 7FC0             ??_Setup_port 0001  
        ?_Setup_interrup 0001       __end_of_Setup_port 7FD4               ?_Setup_osc 0001  
               _LATDbits 0F8C                 __Hrparam 0000                 __Lrparam 0000  
            ??_Setup_osc 0001                 isa$xinst 0000         ??_Setup_interrup 0001  
